0 info it worked if it ends with ok
1 verbose cli [
1 verbose cli   '/usr/local/Cellar/node/14.1.0/bin/node',
1 verbose cli   '/Users/david/Dev/core/services/frontend/node_modules/.bin/npm',
1 verbose cli   'run',
1 verbose cli   'build:css',
1 verbose cli   '--',
1 verbose cli   '--watch'
1 verbose cli ]
2 info using npm@2.15.12
3 info using node@v14.1.0
4 verbose run-script [ 'prebuild:css', 'build:css', 'postbuild:css' ]
5 info prebuild:css @datawrapper/frontend@2.0.0
6 info build:css @datawrapper/frontend@2.0.0
7 verbose unsafe-perm in lifecycle true
8 info @datawrapper/frontend@2.0.0 Failed to exec build:css script
9 verbose stack Error: @datawrapper/frontend@2.0.0 build:css: `node-sass --omit-source-map-url src/styles/index.scss static/datawrapper.css "--watch"`
9 verbose stack Exit status 1
9 verbose stack     at EventEmitter.<anonymous> (/Users/david/Dev/core/services/frontend/node_modules/npm/lib/utils/lifecycle.js:217:16)
9 verbose stack     at EventEmitter.emit (events.js:315:20)
9 verbose stack     at ChildProcess.<anonymous> (/Users/david/Dev/core/services/frontend/node_modules/npm/lib/utils/spawn.js:24:14)
9 verbose stack     at ChildProcess.emit (events.js:315:20)
9 verbose stack     at maybeClose (internal/child_process.js:1051:16)
9 verbose stack     at Process.ChildProcess._handle.onexit (internal/child_process.js:287:5)
10 verbose pkgid @datawrapper/frontend@2.0.0
11 verbose cwd /Users/david/Dev/core/services/frontend
12 error Darwin 20.6.0
13 error argv "/usr/local/Cellar/node/14.1.0/bin/node" "/Users/david/Dev/core/services/frontend/node_modules/.bin/npm" "run" "build:css" "--" "--watch"
14 error node v14.1.0
15 error npm  v2.15.12
16 error code ELIFECYCLE
17 error @datawrapper/frontend@2.0.0 build:css: `node-sass --omit-source-map-url src/styles/index.scss static/datawrapper.css "--watch"`
17 error Exit status 1
18 error Failed at the @datawrapper/frontend@2.0.0 build:css script 'node-sass --omit-source-map-url src/styles/index.scss static/datawrapper.css "--watch"'.
18 error This is most likely a problem with the @datawrapper/frontend package,
18 error not with npm itself.
18 error Tell the author that this fails on your system:
18 error     node-sass --omit-source-map-url src/styles/index.scss static/datawrapper.css "--watch"
18 error You can get information on how to open an issue for this project with:
18 error     npm bugs @datawrapper/frontend
18 error Or if that isn't available, you can get their info via:
18 error
18 error     npm owner ls @datawrapper/frontend
18 error There is likely additional logging output above.
19 verbose exit [ 1, true ]
